<?xml version="1.0" encoding="UTF-8"?>
<!-- Generated by org.testng.reporters.JUnitXMLReporter -->
<testsuite ignored="0" hostname="DESKTOP-PODIVBN" failures="0" tests="5" name="Default test" time="5.697" errors="0" timestamp="2025-11-09T15:59:30 IST">
  <testcase classname="HttpRequests" name="getUsers" time="2.782"/>
  <testcase classname="HttpRequests" name="createUser" time="1.162"/>
  <testcase classname="HttpRequests" name="updateUser" time="0.983"/>
  <testcase classname="HttpRequests" name="partiallyUpdateUser" time="0.299"/>
  <testcase classname="HttpRequests" name="deleteUser" time="0.41"/>
</testsuite> <!-- Default test -->
