<?xml version="1.0" encoding="UTF-8"?>
<testng-results ignored="0" total="1" passed="1" failed="0" skipped="0">
  <reporter-output>
  </reporter-output>
  <suite started-at="2025-11-08T22:29:48 IST" name="Default suite" finished-at="2025-11-08T22:29:51 IST" duration-ms="2923">
    <groups>
    </groups>
    <test started-at="2025-11-08T22:29:48 IST" name="Default test" finished-at="2025-11-08T22:29:51 IST" duration-ms="2923">
      <class name="HttpRequests">
        <test-method signature="getUser()[pri:0, instance:HttpRequests@36b4fe2a]" started-at="2025-11-08T22:29:48 IST" name="getUser" finished-at="2025-11-08T22:29:51 IST" duration-ms="2848" status="PASS">
          <reporter-output>
          </reporter-output>
        </test-method> <!-- getUser -->
      </class> <!-- HttpRequests -->
    </test> <!-- Default test -->
  </suite> <!-- Default suite -->
</testng-results>
