<?xml version="1.0" encoding="UTF-8"?>
<!-- Generated by org.testng.reporters.JUnitReportReporter -->
<testsuite hostname="DESKTOP-PODIVBN" failures="0" tests="4" name="HttpRequests" time="4.308" errors="0" timestamp="2025-11-09T15:52:13 IST" skipped="0">
  <testcase classname="HttpRequests" name="getUsers" time="2.929"/>
  <testcase classname="HttpRequests" name="createUser" time="0.816"/>
  <testcase classname="HttpRequests" name="updateUser" time="0.273"/>
  <testcase classname="HttpRequests" name="deleteUser" time="0.290"/>
</testsuite> <!-- HttpRequests -->
